<?xml version="1.0" encoding="UTF-8"?>
<testng-results skipped="0" failed="0" ignored="0" total="1" passed="1">
  <reporter-output>
  </reporter-output>
  <suite name="Default suite" duration-ms="12379" started-at="2020-05-11T22:46:16 EET" finished-at="2020-05-11T22:46:29 EET">
    <groups>
    </groups>
    <test name="Default test" duration-ms="12379" started-at="2020-05-11T22:46:16 EET" finished-at="2020-05-11T22:46:29 EET">
      <class name="test.senario1">
        <test-method status="PASS" signature="setup()[pri:0, instance:test.senario1@63753b6d]" name="setup" is-config="true" duration-ms="10514" started-at="2020-05-11T22:46:16 EET" finished-at="2020-05-11T22:46:27 EET">
          <reporter-output>
          </reporter-output>
        </test-method> <!-- setup -->
        <test-method status="PASS" signature="test_login_func_correct()[pri:0, instance:test.senario1@63753b6d]" name="test_login_func_correct" duration-ms="1799" started-at="2020-05-11T22:46:27 EET" finished-at="2020-05-11T22:46:29 EET">
          <reporter-output>
          </reporter-output>
        </test-method> <!-- test_login_func_correct -->
      </class> <!-- test.senario1 -->
    </test> <!-- Default test -->
  </suite> <!-- Default suite -->
</testng-results>
